<?xml version="1.0" encoding="UTF-8"?>
<!-- Generated by org.testng.reporters.JUnitReportReporter -->
<testsuite name="test.EmpTest" tests="1" time="23.920" ignored="0" failures="0" timestamp="28 Aug 2020 10:50:02 GMT" skipped="0" hostname="DESKTOP-S37S9QQ" errors="0">
  <testcase name="EmployeeTest" time="23.920" classname="test.EmpTest"/>
</testsuite> <!-- test.EmpTest -->
