<?xml version="1.0" encoding="UTF-8"?>
<!-- Generated by org.testng.reporters.JUnitReportReporter -->
<testsuite name="test.UserTest" tests="1" time="17.660" ignored="0" failures="0" timestamp="28 Aug 2020 10:52:38 GMT" skipped="0" hostname="DESKTOP-S37S9QQ" errors="0">
  <testcase name="UserTest" time="17.660" classname="test.UserTest"/>
</testsuite> <!-- test.UserTest -->
